<?xml version="1.0" encoding="UTF-8" ?>
<testsuite errors="0" failures="0" hostname="DESKTOP-T29JRMR" name="InitJDBCTest" skipped="0" tests="3" time="1.059" timestamp="2017-06-27T22:37:14">
  <properties>
    <property name="java.vendor" value="Oracle Corporation" />
    <property name="sun.java.launcher" value="SUN_STANDARD" />
    <property name="sun.management.compiler" value="HotSpot 64-Bit Tiered Compilers" />
    <property name="os.name" value="Windows 10" />
    <property name="sun.boot.class.path" value="C:\Program Files\Java\jdk1.8.0_60\jre\lib\resources.jar;C:\Program Files\Java\jdk1.8.0_60\jre\lib\rt.jar;C:\Program Files\Java\jdk1.8.0_60\jre\lib\sunrsasign.jar;C:\Program Files\Java\jdk1.8.0_60\jre\lib\jsse.jar;C:\Program Files\Java\jdk1.8.0_60\jre\lib\jce.jar;C:\Program Files\Java\jdk1.8.0_60\jre\lib\charsets.jar;C:\Program Files\Java\jdk1.8.0_60\jre\lib\jfr.jar;C:\Program Files\Java\jdk1.8.0_60\jre\classes" />
    <property name="sun.desktop" value="windows" />
    <property name="java.vm.specification.vendor" value="Oracle Corporation" />
    <property name="ant.home" value="D:\Logiciels\apache-ant-1.10.1" />
    <property name="jar.dir" value="." />
    <property name="java.runtime.version" value="1.8.0_60-b27" />
    <property name="test.build.dir" value="build/test" />
    <property name="user.name" value="Samuel" />
    <property name="build.dir" value="build/main" />
    <property name="user.language" value="fr" />
    <property name="sun.boot.library.path" value="C:\Program Files\Java\jdk1.8.0_60\jre\bin" />
    <property name="ant.project.default-target" value="all" />
    <property name="doc.dir" value="doc/" />
    <property name="java.version" value="1.8.0_60" />
    <property name="user.timezone" value="" />
    <property name="sun.arch.data.model" value="64" />
    <property name="test.src.dir" value="src/test/" />
    <property name="java.endorsed.dirs" value="C:\Program Files\Java\jdk1.8.0_60\jre\lib\endorsed" />
    <property name="sun.cpu.isalist" value="amd64" />
    <property name="sun.jnu.encoding" value="Cp1252" />
    <property name="file.encoding.pkg" value="sun.io" />
    <property name="file.separator" value="\" />
    <property name="java.specification.name" value="Java Platform API Specification" />
    <property name="java.class.version" value="52.0" />
    <property name="user.country" value="FR" />
    <property name="java.home" value="C:\Program Files\Java\jdk1.8.0_60\jre" />
    <property name="java.vm.info" value="mixed mode" />
    <property name="ant.file" value="D:\Dut_Informatique\Semestre2\M2107\Projet\build.xml" />
    <property name="os.version" value="10.0" />
    <property name="path.separator" value=";" />
    <property name="java.vm.version" value="25.60-b23" />
    <property name="report.dir" value="build/report" />
    <property name="user.variant" value="" />
    <property name="ant.library.dir" value="D:\Logiciels\apache-ant-1.10.1\lib" />
    <property name="java.awt.printerjob" value="sun.awt.windows.WPrinterJob" />
    <property name="sun.io.unicode.encoding" value="UnicodeLittle" />
    <property name="awt.toolkit" value="sun.awt.windows.WToolkit" />
    <property name="sun.stdout.encoding" value="cp850" />
    <property name="user.script" value="" />
    <property name="user.home" value="C:\Users\Samuel" />
    <property name="java.specification.vendor" value="Oracle Corporation" />
    <property name="java.library.path" value="C:\Program Files\Java\jdk1.8.0_60\jre\bin;C:\Windows\Sun\Java\bin;C:\Windows\system32;C:\Windows;C:\oraclexe\app\oracle\product\11.2.0\server\bin;C:\ProgramData\Oracle\Java\javapath;C:\Windows\system32;C:\Windows;C:\Windows\System32\Wbem;C:\Windows\System32\WindowsPowerShell\v1.0\;C:\Program Files\Java\jdk1.8.0_60\bin;D:\Logiciels\apache-ant-1.10.1\bin;C:\Users\Samuel\AppData\Local\Microsoft\WindowsApps;;." />
    <property name="java.vendor.url" value="http://java.oracle.com/" />
    <property name="java.vm.vendor" value="Oracle Corporation" />
    <property name="java.runtime.name" value="Java(TM) SE Runtime Environment" />
    <property name="sun.java.command" value="org.apache.tools.ant.taskdefs.optional.junit.JUnitTestRunner InitJDBCTest skipNonTests=false filtertrace=true haltOnError=false haltOnFailure=false formatter=org.apache.tools.ant.taskdefs.optional.junit.SummaryJUnitResultFormatter showoutput=false outputtoformatters=true logfailedtests=true threadid=0 logtestlistenerevents=false formatter=org.apache.tools.ant.taskdefs.optional.junit.XMLJUnitResultFormatter,D:\Dut_Informatique\Semestre2\M2107\Projet\build\classes\TEST-InitJDBCTest.xml formatter=org.apache.tools.ant.taskdefs.optional.junit.PlainJUnitResultFormatter,D:\Dut_Informatique\Semestre2\M2107\Projet\build\classes\TEST-InitJDBCTest.txt crashfile=D:\Dut_Informatique\Semestre2\M2107\Projet\junitvmwatcher3474235933500148692.properties propsfile=D:\Dut_Informatique\Semestre2\M2107\Projet\junit2999758684072114317.properties" />
    <property name="java.class.path" value="D:\Dut_Informatique\Semestre2\M2107\Projet\lib\hamcrest-core-1.3.jar;D:\Dut_Informatique\Semestre2\M2107\Projet\lib\junit-4.12.jar;D:\Dut_Informatique\Semestre2\M2107\Projet\lib\sqlite-jdbc-3.18.0.jar;D:\Dut_Informatique\Semestre2\M2107\Projet\build\main;D:\Dut_Informatique\Semestre2\M2107\Projet\build\test;D:\Dut_Informatique\Semestre2\M2107\Projet\lib\*.jar;D:\Logiciels\apache-ant-1.10.1\lib\ant-launcher.jar;D:\Logiciels\apache-ant-1.10.1\lib\ant.jar;D:\Logiciels\apache-ant-1.10.1\lib\ant-junit.jar;D:\Logiciels\apache-ant-1.10.1\lib\ant-junit4.jar" />
    <property name="ant.version" value="Apache Ant(TM) version 1.10.1 compiled on February 2 2017" />
    <property name="java.vm.specification.name" value="Java Virtual Machine Specification" />
    <property name="ant.file.type" value="file" />
    <property name="java.vm.specification.version" value="1.8" />
    <property name="sun.cpu.endian" value="little" />
    <property name="sun.os.patch.level" value="" />
    <property name="java.io.tmpdir" value="C:\Users\Samuel\AppData\Local\Temp\" />
    <property name="java.vendor.url.bug" value="http://bugreport.sun.com/bugreport/" />
    <property name="os.arch" value="amd64" />
    <property name="java.awt.graphicsenv" value="sun.awt.Win32GraphicsEnvironment" />
    <property name="java.ext.dirs" value="C:\Program Files\Java\jdk1.8.0_60\jre\lib\ext;C:\Windows\Sun\Java\lib\ext" />
    <property name="user.dir" value="D:\Dut_Informatique\Semestre2\M2107\Projet" />
    <property name="line.separator" value="&#xd;&#xa;" />
    <property name="java.vm.name" value="Java HotSpot(TM) 64-Bit Server VM" />
    <property name="basedir" value="D:\Dut_Informatique\Semestre2\M2107\Projet" />
    <property name="ant.java.version" value="1.8" />
    <property name="ant.core.lib" value="D:\Logiciels\apache-ant-1.10.1\lib\ant.jar" />
    <property name="sun.stderr.encoding" value="cp850" />
    <property name="file.encoding" value="Cp1252" />
    <property name="java.specification.version" value="1.8" />
    <property name="src.dir" value="src/main" />
    <property name="ant.project.invoked-targets" value="all" />
  </properties>
  <testcase classname="InitJDBCTest" name="queryTest" time="0.492" />
  <testcase classname="InitJDBCTest" name="getDb_NameTest" time="0.19" />
  <testcase classname="InitJDBCTest" name="queryResultTest" time="0.298" />
  <system-out><![CDATA[]]></system-out>
  <system-err><![CDATA[]]></system-err>
</testsuite>
